<?xml version="1.0" encoding="UTF-8"?>
<Site BuildName="(empty)"
	BuildStamp="20260328-0645-Experimental"
	Name="(empty)"
	Generator="ctest-4.0.3"
	CompilerName=""
	CompilerVersion=""
	OSName="Windows"
	Hostname="DESKTOP-JO6JRK1"
	OSRelease=" Professional"
	OSVersion=" (Build 26200)"
	OSPlatform="AMD64"
	Is64Bits="1"
	VendorString="GenuineIntel"
	VendorID="Intel Corporation"
	FamilyID="6"
	ModelID="14"
	ModelName=""
	ProcessorCacheSize="-1"
	NumberOfLogicalCPU="8"
	NumberOfPhysicalCPU="4"
	TotalVirtualMemory="43267"
	TotalPhysicalMemory="40707"
	LogicalProcessorsPerPhysical="2"
	ProcessorClockFrequency="1992"
	>
	<Testing>
		<StartDateTime>Mar 27 23:45 Pacific Daylight Time</StartDateTime>
		<StartTestTime>1774680358</StartTestTime>
		<TestList/>
		<EndDateTime>Mar 27 23:45 Pacific Daylight Time</EndDateTime>
		<EndTestTime>1774680358</EndTestTime>
		<ElapsedMinutes>0</ElapsedMinutes>
	</Testing>
</Site>
